<?xml version="1.0" encoding="UTF-8"?>
<!-- Generated by org.testng.reporters.JUnitReportReporter -->
<testsuite hostname="DESKTOP-R2F0M90" failures="0" tests="2" name="com.mystore.testcases.IndexPageTest" time="11.469" errors="0" timestamp="2022-07-17T17:17:16 PDT" skipped="0">
  <testcase classname="com.mystore.testcases.IndexPageTest" name="verifyLogo" time="6.890"/>
  <system-out/>
  <testcase classname="com.mystore.testcases.IndexPageTest" name="verifyTitle" time="4.579"/>
  <system-out/>
</testsuite> <!-- com.mystore.testcases.IndexPageTest -->
