<?xml version="1.0" encoding="UTF-8"?>
<!-- Generated by org.testng.reporters.JUnitReportReporter -->
<testsuite hostname="DESKTOP-R2F0M90" failures="0" tests="1" name="com.mystore.testcases.HomePageTest" time="9.829" errors="0" timestamp="2022-07-19T19:31:17 PDT" skipped="0">
  <testcase classname="com.mystore.testcases.HomePageTest" name="wishListTest" time="9.829"/>
  <system-out/>
</testsuite> <!-- com.mystore.testcases.HomePageTest -->
